This is pdfTeX, Version 3.14159265-2.6-1.40.19 (TeX Live 2018/W32TeX) (preloaded format=pdflatex 2019.2.5)  26 JUN 2019 02:01
entering extended mode
 restricted \write18 enabled.
 %&-line parsing enabled.
**ch1_outline.tex
(./ch1_outline.tex
LaTeX2e <2018-12-01>

(c:/Users/Christopher/AppData/Roaming/TinyTeX/texmf-dist/tex/latex/base/article
.cls
Document Class: article 2018/09/03 v1.4i Standard LaTeX document class

(c:/Users/Christopher/AppData/Roaming/TinyTeX/texmf-dist/tex/latex/base/size10.
clo
File: size10.clo 2018/09/03 v1.4i Standard LaTeX file (size option)
)
\c@part=\count80
\c@section=\count81
\c@subsection=\count82
\c@subsubsection=\count83
\c@paragraph=\count84
\c@subparagraph=\count85
\c@figure=\count86
\c@table=\count87
\abovecaptionskip=\skip41
\belowcaptionskip=\skip42
\bibindent=\dimen102
)
(c:/Users/Christopher/AppData/Roaming/TinyTeX/texmf-dist/tex/latex/geometry/geo
metry.sty
Package: geometry 2018/04/16 v5.8 Page Geometry

(c:/Users/Christopher/AppData/Roaming/TinyTeX/texmf-dist/tex/latex/graphics/key
val.sty
Package: keyval 2014/10/28 v1.15 key=value parser (DPC)
\KV@toks@=\toks14
)
(c:/Users/Christopher/AppData/Roaming/TinyTeX/texmf-dist/tex/generic/oberdiek/i
fpdf.sty
Package: ifpdf 2018/09/07 v3.3 Provides the ifpdf switch
)
(c:/Users/Christopher/AppData/Roaming/TinyTeX/texmf-dist/tex/generic/oberdiek/i
fvtex.sty
Package: ifvtex 2016/05/16 v1.6 Detect VTeX and its facilities (HO)
Package ifvtex Info: VTeX not detected.
)
(c:/Users/Christopher/AppData/Roaming/TinyTeX/texmf-dist/tex/generic/ifxetex/if
xetex.sty
Package: ifxetex 2010/09/12 v0.6 Provides ifxetex conditional
)
\Gm@cnth=\count88
\Gm@cntv=\count89
\c@Gm@tempcnt=\count90
\Gm@bindingoffset=\dimen103
\Gm@wd@mp=\dimen104
\Gm@odd@mp=\dimen105
\Gm@even@mp=\dimen106
\Gm@layoutwidth=\dimen107
\Gm@layoutheight=\dimen108
\Gm@layouthoffset=\dimen109
\Gm@layoutvoffset=\dimen110
\Gm@dimlist=\toks15
)
(c:/Users/Christopher/AppData/Roaming/TinyTeX/texmf-dist/tex/latex/lm/lmodern.s
ty
Package: lmodern 2009/10/30 v1.6 Latin Modern Fonts
LaTeX Font Info:    Overwriting symbol font `operators' in version `normal'
(Font)                  OT1/cmr/m/n --> OT1/lmr/m/n on input line 22.
LaTeX Font Info:    Overwriting symbol font `letters' in version `normal'
(Font)                  OML/cmm/m/it --> OML/lmm/m/it on input line 23.
LaTeX Font Info:    Overwriting symbol font `symbols' in version `normal'
(Font)                  OMS/cmsy/m/n --> OMS/lmsy/m/n on input line 24.
LaTeX Font Info:    Overwriting symbol font `largesymbols' in version `normal'
(Font)                  OMX/cmex/m/n --> OMX/lmex/m/n on input line 25.
LaTeX Font Info:    Overwriting symbol font `operators' in version `bold'
(Font)                  OT1/cmr/bx/n --> OT1/lmr/bx/n on input line 26.
LaTeX Font Info:    Overwriting symbol font `letters' in version `bold'
(Font)                  OML/cmm/b/it --> OML/lmm/b/it on input line 27.
LaTeX Font Info:    Overwriting symbol font `symbols' in version `bold'
(Font)                  OMS/cmsy/b/n --> OMS/lmsy/b/n on input line 28.
LaTeX Font Info:    Overwriting symbol font `largesymbols' in version `bold'
(Font)                  OMX/cmex/m/n --> OMX/lmex/m/n on input line 29.
LaTeX Font Info:    Overwriting math alphabet `\mathbf' in version `normal'
(Font)                  OT1/cmr/bx/n --> OT1/lmr/bx/n on input line 31.
LaTeX Font Info:    Overwriting math alphabet `\mathsf' in version `normal'
(Font)                  OT1/cmss/m/n --> OT1/lmss/m/n on input line 32.
LaTeX Font Info:    Overwriting math alphabet `\mathit' in version `normal'
(Font)                  OT1/cmr/m/it --> OT1/lmr/m/it on input line 33.
LaTeX Font Info:    Overwriting math alphabet `\mathtt' in version `normal'
(Font)                  OT1/cmtt/m/n --> OT1/lmtt/m/n on input line 34.
LaTeX Font Info:    Overwriting math alphabet `\mathbf' in version `bold'
(Font)                  OT1/cmr/bx/n --> OT1/lmr/bx/n on input line 35.
LaTeX Font Info:    Overwriting math alphabet `\mathsf' in version `bold'
(Font)                  OT1/cmss/bx/n --> OT1/lmss/bx/n on input line 36.
LaTeX Font Info:    Overwriting math alphabet `\mathit' in version `bold'
(Font)                  OT1/cmr/bx/it --> OT1/lmr/bx/it on input line 37.
LaTeX Font Info:    Overwriting math alphabet `\mathtt' in version `bold'
(Font)                  OT1/cmtt/m/n --> OT1/lmtt/m/n on input line 38.
)
(c:/Users/Christopher/AppData/Roaming/TinyTeX/texmf-dist/tex/latex/base/fontenc
.sty
Package: fontenc 2018/08/11 v2.0j Standard LaTeX package

(c:/Users/Christopher/AppData/Roaming/TinyTeX/texmf-dist/tex/latex/base/t1enc.d
ef
File: t1enc.def 2018/08/11 v2.0j Standard LaTeX file
LaTeX Font Info:    Redeclaring font encoding T1 on input line 48.
))
(c:/Users/Christopher/AppData/Roaming/TinyTeX/texmf-dist/tex/latex/base/inputen
c.sty
Package: inputenc 2018/08/11 v1.3c Input encoding file
\inpenc@prehook=\toks16
\inpenc@posthook=\toks17
)
(c:/Users/Christopher/AppData/Roaming/TinyTeX/texmf-dist/tex/latex/abstract/abs
tract.sty
Package: abstract 2009/06/08 v1.2a configurable abstracts
\abstitleskip=\skip43
\absleftindent=\skip44
\absrightindent=\skip45
\absparindent=\skip46
\absparsep=\skip47
)
(c:/Users/Christopher/AppData/Roaming/TinyTeX/texmf-dist/tex/latex/titlesec/tit
lesec.sty
Package: titlesec 2016/03/21 v2.10.2 Sectioning titles
\ttl@box=\box27
\beforetitleunit=\skip48
\aftertitleunit=\skip49
\ttl@plus=\dimen111
\ttl@minus=\dimen112
\ttl@toksa=\toks18
\titlewidth=\dimen113
\titlewidthlast=\dimen114
\titlewidthfirst=\dimen115
)
(c:/Users/Christopher/AppData/Roaming/TinyTeX/texmf-dist/tex/latex/natbib/natbi
b.sty
Package: natbib 2010/09/13 8.31b (PWD, AO)
\bibhang=\skip50
\bibsep=\skip51
LaTeX Info: Redefining \cite on input line 694.
\c@NAT@ctr=\count91
)
\c@hypothesis=\count92

(c:/Users/Christopher/AppData/Roaming/TinyTeX/texmf-dist/tex/latex/setspace/set
space.sty
Package: setspace 2011/12/19 v6.7a set line spacing
)
(c:/Users/Christopher/AppData/Roaming/TinyTeX/texmf-dist/tex/latex/hyperref/hyp
erref.sty
Package: hyperref 2018/11/30 v6.88e Hypertext links for LaTeX

(c:/Users/Christopher/AppData/Roaming/TinyTeX/texmf-dist/tex/generic/oberdiek/h
obsub-hyperref.sty
Package: hobsub-hyperref 2016/05/16 v1.14 Bundle oberdiek, subset hyperref (HO)


(c:/Users/Christopher/AppData/Roaming/TinyTeX/texmf-dist/tex/generic/oberdiek/h
obsub-generic.sty
Package: hobsub-generic 2016/05/16 v1.14 Bundle oberdiek, subset generic (HO)
Package: hobsub 2016/05/16 v1.14 Construct package bundles (HO)
Package: infwarerr 2016/05/16 v1.4 Providing info/warning/error messages (HO)
Package: ltxcmds 2016/05/16 v1.23 LaTeX kernel commands for general use (HO)
Package: ifluatex 2016/05/16 v1.4 Provides the ifluatex switch (HO)
Package ifluatex Info: LuaTeX not detected.
Package hobsub Info: Skipping package `ifvtex' (already loaded).
Package: intcalc 2016/05/16 v1.2 Expandable calculations with integers (HO)
Package hobsub Info: Skipping package `ifpdf' (already loaded).
Package: etexcmds 2016/05/16 v1.6 Avoid name clashes with e-TeX commands (HO)
Package etexcmds Info: Could not find \expanded.
(etexcmds)             That can mean that you are not using pdfTeX 1.50 or
(etexcmds)             that some package has redefined \expanded.
(etexcmds)             In the latter case, load this package earlier.
Package: kvsetkeys 2016/05/16 v1.17 Key value parser (HO)
Package: kvdefinekeys 2016/05/16 v1.4 Define keys (HO)
Package: pdftexcmds 2018/09/10 v0.29 Utility functions of pdfTeX for LuaTeX (HO
)
Package pdftexcmds Info: LuaTeX not detected.
Package pdftexcmds Info: \pdf@primitive is available.
Package pdftexcmds Info: \pdf@ifprimitive is available.
Package pdftexcmds Info: \pdfdraftmode found.
Package: pdfescape 2016/05/16 v1.14 Implements pdfTeX's escape features (HO)
Package: bigintcalc 2016/05/16 v1.4 Expandable calculations on big integers (HO
)
Package: bitset 2016/05/16 v1.2 Handle bit-vector datatype (HO)
Package: uniquecounter 2016/05/16 v1.3 Provide unlimited unique counter (HO)
)
Package hobsub Info: Skipping package `hobsub' (already loaded).
Package: letltxmacro 2016/05/16 v1.5 Let assignment for LaTeX macros (HO)
Package: hopatch 2016/05/16 v1.3 Wrapper for package hooks (HO)
Package: xcolor-patch 2016/05/16 xcolor patch
Package: atveryend 2016/05/16 v1.9 Hooks at the very end of document (HO)
Package atveryend Info: \enddocument detected (standard20110627).
Package: atbegshi 2016/06/09 v1.18 At begin shipout hook (HO)
Package: refcount 2016/05/16 v3.5 Data extraction from label references (HO)
Package: hycolor 2016/05/16 v1.8 Color options for hyperref/bookmark (HO)
)
(c:/Users/Christopher/AppData/Roaming/TinyTeX/texmf-dist/tex/latex/oberdiek/aux
hook.sty
Package: auxhook 2016/05/16 v1.4 Hooks for auxiliary files (HO)
)
(c:/Users/Christopher/AppData/Roaming/TinyTeX/texmf-dist/tex/latex/oberdiek/kvo
ptions.sty
Package: kvoptions 2016/05/16 v3.12 Key value format for package options (HO)
)
\@linkdim=\dimen116
\Hy@linkcounter=\count93
\Hy@pagecounter=\count94

(c:/Users/Christopher/AppData/Roaming/TinyTeX/texmf-dist/tex/latex/hyperref/pd1
enc.def
File: pd1enc.def 2018/11/30 v6.88e Hyperref: PDFDocEncoding definition (HO)
Now handling font encoding PD1 ...
... no UTF-8 mapping file for font encoding PD1
)
\Hy@SavedSpaceFactor=\count95

(c:/Users/Christopher/AppData/Roaming/TinyTeX/texmf-dist/tex/latex/latexconfig/
hyperref.cfg
File: hyperref.cfg 2002/06/06 v1.2 hyperref configuration of TeXLive
)
Package hyperref Info: Option `unicode' set `true' on input line 4393.

(c:/Users/Christopher/AppData/Roaming/TinyTeX/texmf-dist/tex/latex/hyperref/pue
nc.def
File: puenc.def 2018/11/30 v6.88e Hyperref: PDF Unicode definition (HO)
Now handling font encoding PU ...
... no UTF-8 mapping file for font encoding PU
)
Package hyperref Info: Hyper figures OFF on input line 4519.
Package hyperref Info: Link nesting OFF on input line 4524.
Package hyperref Info: Hyper index ON on input line 4527.
Package hyperref Info: Plain pages OFF on input line 4534.
Package hyperref Info: Backreferencing OFF on input line 4539.
Package hyperref Info: Implicit mode ON; LaTeX internals redefined.
Package hyperref Info: Bookmarks ON on input line 4772.
\c@Hy@tempcnt=\count96
(c:/Users/Christopher/AppData/Roaming/TinyTeX/texmf-dist/tex/latex/url/url.sty
\Urlmuskip=\muskip10
Package: url 2013/09/16  ver 3.4  Verb mode for urls, etc.
)
LaTeX Info: Redefining \url on input line 5125.
\XeTeXLinkMargin=\dimen117
\Fld@menulength=\count97
\Field@Width=\dimen118
\Fld@charsize=\dimen119
Package hyperref Info: Hyper figures OFF on input line 6380.
Package hyperref Info: Link nesting OFF on input line 6385.
Package hyperref Info: Hyper index ON on input line 6388.
Package hyperref Info: backreferencing OFF on input line 6395.
Package hyperref Info: Link coloring OFF on input line 6400.
Package hyperref Info: Link coloring with OCG OFF on input line 6405.
Package hyperref Info: PDF/A mode OFF on input line 6410.
LaTeX Info: Redefining \ref on input line 6450.
LaTeX Info: Redefining \pageref on input line 6454.
\Hy@abspage=\count98
\c@Item=\count99
\c@Hfootnote=\count100
)
Package hyperref Info: Driver (autodetected): hpdftex.

(c:/Users/Christopher/AppData/Roaming/TinyTeX/texmf-dist/tex/latex/hyperref/hpd
ftex.def
File: hpdftex.def 2018/11/30 v6.88e Hyperref driver for pdfTeX
\Fld@listcount=\count101
\c@bookmark@seq@number=\count102

(c:/Users/Christopher/AppData/Roaming/TinyTeX/texmf-dist/tex/latex/oberdiek/rer
unfilecheck.sty
Package: rerunfilecheck 2016/05/16 v1.8 Rerun checks for auxiliary files (HO)
Package uniquecounter Info: New unique counter `rerunfilecheck' on input line 2
82.
)
\Hy@SectionHShift=\skip52
)
(c:/Users/Christopher/AppData/Roaming/TinyTeX/texmf-dist/tex/latex/graphics/col
or.sty
Package: color 2016/07/10 v1.1e Standard LaTeX Color (DPC)

(c:/Users/Christopher/AppData/Roaming/TinyTeX/texmf-dist/tex/latex/graphics-cfg
/color.cfg
File: color.cfg 2016/01/02 v1.6 sample color configuration
)
Package color Info: Driver file: pdftex.def on input line 147.

(c:/Users/Christopher/AppData/Roaming/TinyTeX/texmf-dist/tex/latex/graphics-def
/pdftex.def
File: pdftex.def 2018/01/08 v1.0l Graphics/color driver for pdftex
)
(c:/Users/Christopher/AppData/Roaming/TinyTeX/texmf-dist/tex/latex/graphics/dvi
psnam.def
File: dvipsnam.def 2016/06/17 v3.0m Driver-dependent file (DPC,SPQR)
))
Package hyperref Info: Option `breaklinks' set `true' on input line 98.
Package hyperref Info: Option `colorlinks' set `true' on input line 98.
(./ch1_outline.aux)
\openout1 = `ch1_outline.aux'.

LaTeX Font Info:    Checking defaults for OML/cmm/m/it on input line 112.
LaTeX Font Info:    ... okay on input line 112.
LaTeX Font Info:    Checking defaults for T1/cmr/m/n on input line 112.
LaTeX Font Info:    ... okay on input line 112.
LaTeX Font Info:    Checking defaults for OT1/cmr/m/n on input line 112.
LaTeX Font Info:    ... okay on input line 112.
LaTeX Font Info:    Checking defaults for OMS/cmsy/m/n on input line 112.
LaTeX Font Info:    ... okay on input line 112.
LaTeX Font Info:    Checking defaults for OMX/cmex/m/n on input line 112.
LaTeX Font Info:    ... okay on input line 112.
LaTeX Font Info:    Checking defaults for U/cmr/m/n on input line 112.
LaTeX Font Info:    ... okay on input line 112.
LaTeX Font Info:    Checking defaults for PD1/pdf/m/n on input line 112.
LaTeX Font Info:    ... okay on input line 112.
LaTeX Font Info:    Checking defaults for PU/pdf/m/n on input line 112.
LaTeX Font Info:    ... okay on input line 112.
LaTeX Font Info:    Try loading font information for T1+lmr on input line 112.
(c:/Users/Christopher/AppData/Roaming/TinyTeX/texmf-dist/tex/latex/lm/t1lmr.fd
File: t1lmr.fd 2009/10/30 v1.6 Font defs for Latin Modern
)
*geometry* driver: auto-detecting
*geometry* detected driver: pdftex
*geometry* verbose mode - [ preamble ] result:
* driver: pdftex
* paper: <default>
* layout: <same size as paper>
* layoutoffset:(h,v)=(0.0pt,0.0pt)
* modes: 
* h-part:(L,W,R)=(72.26999pt, 469.75502pt, 72.26999pt)
* v-part:(T,H,B)=(72.26999pt, 650.43001pt, 72.26999pt)
* \paperwidth=614.295pt
* \paperheight=794.96999pt
* \textwidth=469.75502pt
* \textheight=650.43001pt
* \oddsidemargin=0.0pt
* \evensidemargin=0.0pt
* \topmargin=-37.0pt
* \headheight=12.0pt
* \headsep=25.0pt
* \topskip=10.0pt
* \footskip=30.0pt
* \marginparwidth=65.0pt
* \marginparsep=11.0pt
* \columnsep=10.0pt
* \skip\footins=9.0pt plus 4.0pt minus 2.0pt
* \hoffset=0.0pt
* \voffset=0.0pt
* \mag=1000
* \@twocolumnfalse
* \@twosidefalse
* \@mparswitchfalse
* \@reversemarginfalse
* (1in=72.27pt=25.4mm, 1cm=28.453pt)

\AtBeginShipoutBox=\box28
Package hyperref Info: Link coloring ON on input line 112.

(c:/Users/Christopher/AppData/Roaming/TinyTeX/texmf-dist/tex/latex/hyperref/nam
eref.sty
Package: nameref 2016/05/21 v2.44 Cross-referencing by name of section

(c:/Users/Christopher/AppData/Roaming/TinyTeX/texmf-dist/tex/generic/oberdiek/g
ettitlestring.sty
Package: gettitlestring 2016/05/16 v1.5 Cleanup title references (HO)
)
\c@section@level=\count103
)
LaTeX Info: Redefining \ref on input line 112.
LaTeX Info: Redefining \pageref on input line 112.
LaTeX Info: Redefining \nameref on input line 112.
(./ch1_outline.out) (./ch1_outline.out)
\@outlinefile=\write3
\openout3 = `ch1_outline.out'.

LaTeX Font Info:    Try loading font information for T1+phv on input line 128.

(c:/Users/Christopher/AppData/Roaming/TinyTeX/texmf-dist/tex/latex/psnfss/t1phv
.fd
File: t1phv.fd 2001/06/04 scalable font definitions for T1/phv.
)
LaTeX Font Info:    Font shape `T1/phv/bx/n' in size <11> not available
(Font)              Font shape `T1/phv/b/n' tried instead on input line 128.
LaTeX Font Info:    Try loading font information for OMS+lmr on input line 147.


(c:/Users/Christopher/AppData/Roaming/TinyTeX/texmf-dist/tex/latex/lm/omslmr.fd
File: omslmr.fd 2009/10/30 v1.6 Font defs for Latin Modern
)
LaTeX Font Info:    Try loading font information for OMS+lmsy on input line 147
.

(c:/Users/Christopher/AppData/Roaming/TinyTeX/texmf-dist/tex/latex/lm/omslmsy.f
d
File: omslmsy.fd 2009/10/30 v1.6 Font defs for Latin Modern
)
LaTeX Font Info:    Font shape `OMS/lmr/m/n' in size <10> not available
(Font)              Font shape `OMS/lmsy/m/n' tried instead on input line 147.

Underfull \hbox (badness 10000) in paragraph at lines 191--195

 []

[1

{c:/Users/Christopher/AppData/Roaming/TinyTeX/texmf-var/fonts/map/pdftex/updmap
/pdftex.map}]

Package natbib Warning: Citation `shutte2017' on page 2 undefined on input line
 239.


Package natbib Warning: Citation `nardulli2015' on page 2 undefined on input li
ne 296.

[2]

Package natbib Warning: Citation `croicu2015' on page 3 undefined on input line
 310.


Package natbib Warning: Citation `hadenius2017' on page 3 undefined on input li
ne 338.

[3] (./ch1_outline.bbl
LaTeX Font Info:    Try loading font information for OT1+lmr on input line 14.

(c:/Users/Christopher/AppData/Roaming/TinyTeX/texmf-dist/tex/latex/lm/ot1lmr.fd
File: ot1lmr.fd 2009/10/30 v1.6 Font defs for Latin Modern
)
LaTeX Font Info:    Try loading font information for OML+lmm on input line 14.

(c:/Users/Christopher/AppData/Roaming/TinyTeX/texmf-dist/tex/latex/lm/omllmm.fd
File: omllmm.fd 2009/10/30 v1.6 Font defs for Latin Modern
)
LaTeX Font Info:    Try loading font information for OMX+lmex on input line 14.


(c:/Users/Christopher/AppData/Roaming/TinyTeX/texmf-dist/tex/latex/lm/omxlmex.f
d
File: omxlmex.fd 2009/10/30 v1.6 Font defs for Latin Modern
)
LaTeX Font Info:    External font `lmex10' loaded for size
(Font)              <10> on input line 14.
LaTeX Font Info:    External font `lmex10' loaded for size
(Font)              <7> on input line 14.
LaTeX Font Info:    External font `lmex10' loaded for size
(Font)              <5> on input line 14.

Underfull \hbox (badness 10000) in paragraph at lines 108--117
\T1/lmr/m/n/10 political -[] science -[] review / article / respect -[] for -[]
 human -[] rights -[] has -[] improved -[] over -[] time -[] modeling -[] the -
[]
 []


Underfull \hbox (badness 2027) in paragraph at lines 119--128
[]\T1/lmr/m/n/10 Barbara Ged-des, Joseph Wright, and Er-ica Frantz.  Au-to-crat
ic Break-down and Regime Tran-
 []


Underfull \hbox (badness 1383) in paragraph at lines 119--128
\T1/lmr/m/n/10 si-tions: A New Data Set.  \T1/lmr/m/it/10 Per-spec-tives on Pol
-i-tics\T1/lmr/m/n/10 , 12(2):313--331, June 2014.  ISSN 1537-
 []


Underfull \hbox (badness 4060) in paragraph at lines 119--128
\T1/lmr/m/n/10 5927, 1541-0986.  doi: $10 . 1017 / S1537592714000851$.  URL [][
]$https : / / www . cambridge . org / core /
 []


Underfull \hbox (badness 10000) in paragraph at lines 119--128
\T1/lmr/m/n/10 journals / perspectives -[] on -[] politics / article / autocrat
ic -[] breakdown -[] and -[] regime -[] transitions -[] a -[] new -[] data -[]
 []

[4]
Underfull \hbox (badness 10000) in paragraph at lines 157--166
[][]$\T1/lmr/m/n/10 http : / / www . cambridge . org / core / journals / politi
cal -[] analysis / article / machine -[] learning -[] human -[] rights -[] and 
-[]
 []


Underfull \hbox (badness 10000) in paragraph at lines 157--166
\T1/lmr/m/n/10 wrongs -[] how -[] the -[] successes -[] and -[] failures -[] of
 -[] supervised -[] learning -[] algorithms -[] can -[] inform -[] the -[] deba
te -[] about -[]
 []


Underfull \hbox (badness 1275) in paragraph at lines 217--225
[]\T1/lmr/m/n/10 David Much-lin-ski, David Siroky, Jin-grui He, and Matthew Koc
her.  Com-par-ing Ran-dom For-est
 []


Underfull \hbox (badness 10000) in paragraph at lines 217--225
\T1/lmr/m/n/10 / / www . cambridge . org / core / journals / political -[] anal
ysis / article / comparing -[] random -[] forest -[] with -[] logistic -[]
 []


Underfull \hbox (badness 10000) in paragraph at lines 227--236
\T1/lmr/m/n/10 political -[] science -[] review / article / reading -[] between
 -[] the -[] lines -[] prediction -[] of -[] political -[] violence -[] using -
[]
 []

[5])

Package natbib Warning: There were undefined citations.

Package atveryend Info: Empty hook `BeforeClearDocument' on input line 387.
[6]
Package atveryend Info: Empty hook `AfterLastShipout' on input line 387.
(./ch1_outline.aux)
Package atveryend Info: Executing hook `AtVeryEndDocument' on input line 387.
Package atveryend Info: Executing hook `AtEndAfterFileList' on input line 387.
Package rerunfilecheck Info: File `ch1_outline.out' has not changed.
(rerunfilecheck)             Checksum: 2A7AF184C5D24960C668E393E718F6D9;306.
Package atveryend Info: Empty hook `AtVeryVeryEnd' on input line 387.
 ) 
Here is how much of TeX's memory you used:
 9362 strings out of 494562
 134243 string characters out of 6175663
 216854 words of memory out of 5000000
 12917 multiletter control sequences out of 15000+600000
 41832 words of font info for 33 fonts, out of 8000000 for 9000
 14 hyphenation exceptions out of 8191
 28i,5n,33p,385b,476s stack positions out of 5000i,500n,10000p,200000b,80000s
{c:/Users/Christopher/AppData/Roaming/TinyTeX/texmf-dist/fonts/enc/dvips/lm/l
m-ec.enc}{c:/Users/Christopher/AppData/Roaming/TinyTeX/texmf-dist/fonts/enc/dvi
ps/lm/lm-mathsy.enc}<c:/Users/Christopher/AppData/Roaming/TinyTeX/texmf-dist/fo
nts/type1/public/lm/lmbx10.pfb><c:/Users/Christopher/AppData/Roaming/TinyTeX/te
xmf-dist/fonts/type1/public/lm/lmr10.pfb><c:/Users/Christopher/AppData/Roaming/
TinyTeX/texmf-dist/fonts/type1/public/lm/lmr17.pfb><c:/Users/Christopher/AppDat
a/Roaming/TinyTeX/texmf-dist/fonts/type1/public/lm/lmri10.pfb><c:/Users/Christo
pher/AppData/Roaming/TinyTeX/texmf-dist/fonts/type1/public/lm/lmsy10.pfb>
Output written on ch1_outline.pdf (6 pages, 140091 bytes).
PDF statistics:
 227 PDF objects out of 1000 (max. 8388607)
 211 compressed objects within 3 object streams
 42 named destinations out of 1000 (max. 500000)
 17 words of extra memory for PDF output out of 10000 (max. 10000000)

