This is pdfTeX, Version 3.14159265-2.6-1.40.19 (TeX Live 2018/W32TeX) (preloaded format=pdflatex 2019.2.5)  5 JUL 2019 18:26
entering extended mode
 restricted \write18 enabled.
 %&-line parsing enabled.
**prospectus.tex
(./prospectus.tex
LaTeX2e <2018-12-01>

(c:/Users/Christopher/AppData/Roaming/TinyTeX/texmf-dist/tex/latex/base/article
.cls
Document Class: article 2018/09/03 v1.4i Standard LaTeX document class

(c:/Users/Christopher/AppData/Roaming/TinyTeX/texmf-dist/tex/latex/base/size10.
clo
File: size10.clo 2018/09/03 v1.4i Standard LaTeX file (size option)
)
\c@part=\count80
\c@section=\count81
\c@subsection=\count82
\c@subsubsection=\count83
\c@paragraph=\count84
\c@subparagraph=\count85
\c@figure=\count86
\c@table=\count87
\abovecaptionskip=\skip41
\belowcaptionskip=\skip42
\bibindent=\dimen102
)
(c:/Users/Christopher/AppData/Roaming/TinyTeX/texmf-dist/tex/latex/geometry/geo
metry.sty
Package: geometry 2018/04/16 v5.8 Page Geometry

(c:/Users/Christopher/AppData/Roaming/TinyTeX/texmf-dist/tex/latex/graphics/key
val.sty
Package: keyval 2014/10/28 v1.15 key=value parser (DPC)
\KV@toks@=\toks14
)
(c:/Users/Christopher/AppData/Roaming/TinyTeX/texmf-dist/tex/generic/oberdiek/i
fpdf.sty
Package: ifpdf 2018/09/07 v3.3 Provides the ifpdf switch
)
(c:/Users/Christopher/AppData/Roaming/TinyTeX/texmf-dist/tex/generic/oberdiek/i
fvtex.sty
Package: ifvtex 2016/05/16 v1.6 Detect VTeX and its facilities (HO)
Package ifvtex Info: VTeX not detected.
)
(c:/Users/Christopher/AppData/Roaming/TinyTeX/texmf-dist/tex/generic/ifxetex/if
xetex.sty
Package: ifxetex 2010/09/12 v0.6 Provides ifxetex conditional
)
\Gm@cnth=\count88
\Gm@cntv=\count89
\c@Gm@tempcnt=\count90
\Gm@bindingoffset=\dimen103
\Gm@wd@mp=\dimen104
\Gm@odd@mp=\dimen105
\Gm@even@mp=\dimen106
\Gm@layoutwidth=\dimen107
\Gm@layoutheight=\dimen108
\Gm@layouthoffset=\dimen109
\Gm@layoutvoffset=\dimen110
\Gm@dimlist=\toks15
)
(c:/Users/Christopher/AppData/Roaming/TinyTeX/texmf-dist/tex/latex/lm/lmodern.s
ty
Package: lmodern 2009/10/30 v1.6 Latin Modern Fonts
LaTeX Font Info:    Overwriting symbol font `operators' in version `normal'
(Font)                  OT1/cmr/m/n --> OT1/lmr/m/n on input line 22.
LaTeX Font Info:    Overwriting symbol font `letters' in version `normal'
(Font)                  OML/cmm/m/it --> OML/lmm/m/it on input line 23.
LaTeX Font Info:    Overwriting symbol font `symbols' in version `normal'
(Font)                  OMS/cmsy/m/n --> OMS/lmsy/m/n on input line 24.
LaTeX Font Info:    Overwriting symbol font `largesymbols' in version `normal'
(Font)                  OMX/cmex/m/n --> OMX/lmex/m/n on input line 25.
LaTeX Font Info:    Overwriting symbol font `operators' in version `bold'
(Font)                  OT1/cmr/bx/n --> OT1/lmr/bx/n on input line 26.
LaTeX Font Info:    Overwriting symbol font `letters' in version `bold'
(Font)                  OML/cmm/b/it --> OML/lmm/b/it on input line 27.
LaTeX Font Info:    Overwriting symbol font `symbols' in version `bold'
(Font)                  OMS/cmsy/b/n --> OMS/lmsy/b/n on input line 28.
LaTeX Font Info:    Overwriting symbol font `largesymbols' in version `bold'
(Font)                  OMX/cmex/m/n --> OMX/lmex/m/n on input line 29.
LaTeX Font Info:    Overwriting math alphabet `\mathbf' in version `normal'
(Font)                  OT1/cmr/bx/n --> OT1/lmr/bx/n on input line 31.
LaTeX Font Info:    Overwriting math alphabet `\mathsf' in version `normal'
(Font)                  OT1/cmss/m/n --> OT1/lmss/m/n on input line 32.
LaTeX Font Info:    Overwriting math alphabet `\mathit' in version `normal'
(Font)                  OT1/cmr/m/it --> OT1/lmr/m/it on input line 33.
LaTeX Font Info:    Overwriting math alphabet `\mathtt' in version `normal'
(Font)                  OT1/cmtt/m/n --> OT1/lmtt/m/n on input line 34.
LaTeX Font Info:    Overwriting math alphabet `\mathbf' in version `bold'
(Font)                  OT1/cmr/bx/n --> OT1/lmr/bx/n on input line 35.
LaTeX Font Info:    Overwriting math alphabet `\mathsf' in version `bold'
(Font)                  OT1/cmss/bx/n --> OT1/lmss/bx/n on input line 36.
LaTeX Font Info:    Overwriting math alphabet `\mathit' in version `bold'
(Font)                  OT1/cmr/bx/it --> OT1/lmr/bx/it on input line 37.
LaTeX Font Info:    Overwriting math alphabet `\mathtt' in version `bold'
(Font)                  OT1/cmtt/m/n --> OT1/lmtt/m/n on input line 38.
)
(c:/Users/Christopher/AppData/Roaming/TinyTeX/texmf-dist/tex/latex/base/fontenc
.sty
Package: fontenc 2018/08/11 v2.0j Standard LaTeX package

(c:/Users/Christopher/AppData/Roaming/TinyTeX/texmf-dist/tex/latex/base/t1enc.d
ef
File: t1enc.def 2018/08/11 v2.0j Standard LaTeX file
LaTeX Font Info:    Redeclaring font encoding T1 on input line 48.
))
(c:/Users/Christopher/AppData/Roaming/TinyTeX/texmf-dist/tex/latex/base/inputen
c.sty
Package: inputenc 2018/08/11 v1.3c Input encoding file
\inpenc@prehook=\toks16
\inpenc@posthook=\toks17
)
(c:/Users/Christopher/AppData/Roaming/TinyTeX/texmf-dist/tex/latex/abstract/abs
tract.sty
Package: abstract 2009/06/08 v1.2a configurable abstracts
\abstitleskip=\skip43
\absleftindent=\skip44
\absrightindent=\skip45
\absparindent=\skip46
\absparsep=\skip47
)
(c:/Users/Christopher/AppData/Roaming/TinyTeX/texmf-dist/tex/latex/graphics/gra
phicx.sty
Package: graphicx 2017/06/01 v1.1a Enhanced LaTeX Graphics (DPC,SPQR)

(c:/Users/Christopher/AppData/Roaming/TinyTeX/texmf-dist/tex/latex/graphics/gra
phics.sty
Package: graphics 2017/06/25 v1.2c Standard LaTeX Graphics (DPC,SPQR)

(c:/Users/Christopher/AppData/Roaming/TinyTeX/texmf-dist/tex/latex/graphics/tri
g.sty
Package: trig 2016/01/03 v1.10 sin cos tan (DPC)
)
(c:/Users/Christopher/AppData/Roaming/TinyTeX/texmf-dist/tex/latex/graphics-cfg
/graphics.cfg
File: graphics.cfg 2016/06/04 v1.11 sample graphics configuration
)
Package graphics Info: Driver file: pdftex.def on input line 99.

(c:/Users/Christopher/AppData/Roaming/TinyTeX/texmf-dist/tex/latex/graphics-def
/pdftex.def
File: pdftex.def 2018/01/08 v1.0l Graphics/color driver for pdftex
))
\Gin@req@height=\dimen111
\Gin@req@width=\dimen112
)
(c:/Users/Christopher/AppData/Roaming/TinyTeX/texmf-dist/tex/latex/oberdiek/grf
file.sty
Package: grffile 2017/06/30 v1.18 Extended file name support for graphics (HO)

(c:/Users/Christopher/AppData/Roaming/TinyTeX/texmf-dist/tex/latex/oberdiek/kvo
ptions.sty
Package: kvoptions 2016/05/16 v3.12 Key value format for package options (HO)

(c:/Users/Christopher/AppData/Roaming/TinyTeX/texmf-dist/tex/generic/oberdiek/l
txcmds.sty
Package: ltxcmds 2016/05/16 v1.23 LaTeX kernel commands for general use (HO)
)
(c:/Users/Christopher/AppData/Roaming/TinyTeX/texmf-dist/tex/generic/oberdiek/k
vsetkeys.sty
Package: kvsetkeys 2016/05/16 v1.17 Key value parser (HO)

(c:/Users/Christopher/AppData/Roaming/TinyTeX/texmf-dist/tex/generic/oberdiek/i
nfwarerr.sty
Package: infwarerr 2016/05/16 v1.4 Providing info/warning/error messages (HO)
)
(c:/Users/Christopher/AppData/Roaming/TinyTeX/texmf-dist/tex/generic/oberdiek/e
texcmds.sty
Package: etexcmds 2016/05/16 v1.6 Avoid name clashes with e-TeX commands (HO)

(c:/Users/Christopher/AppData/Roaming/TinyTeX/texmf-dist/tex/generic/oberdiek/i
fluatex.sty
Package: ifluatex 2016/05/16 v1.4 Provides the ifluatex switch (HO)
Package ifluatex Info: LuaTeX not detected.
)
Package etexcmds Info: Could not find \expanded.
(etexcmds)             That can mean that you are not using pdfTeX 1.50 or
(etexcmds)             that some package has redefined \expanded.
(etexcmds)             In the latter case, load this package earlier.
)))
(c:/Users/Christopher/AppData/Roaming/TinyTeX/texmf-dist/tex/generic/oberdiek/p
dftexcmds.sty
Package: pdftexcmds 2018/09/10 v0.29 Utility functions of pdfTeX for LuaTeX (HO
)
Package pdftexcmds Info: LuaTeX not detected.
Package pdftexcmds Info: \pdf@primitive is available.
Package pdftexcmds Info: \pdf@ifprimitive is available.
Package pdftexcmds Info: \pdfdraftmode found.
)
Package grffile Info: Option `multidot' is set to `true'.
Package grffile Info: Option `extendedchars' is set to `false'.
Package grffile Info: Option `space' is set to `true'.
Package grffile Info: \Gin@ii of package `graphicx' fixed on input line 494.
)
(c:/Users/Christopher/AppData/Roaming/TinyTeX/texmf-dist/tex/latex/titlesec/tit
lesec.sty
Package: titlesec 2016/03/21 v2.10.2 Sectioning titles
\ttl@box=\box27
\beforetitleunit=\skip48
\aftertitleunit=\skip49
\ttl@plus=\dimen113
\ttl@minus=\dimen114
\ttl@toksa=\toks18
\titlewidth=\dimen115
\titlewidthlast=\dimen116
\titlewidthfirst=\dimen117
)
(c:/Users/Christopher/AppData/Roaming/TinyTeX/texmf-dist/tex/latex/natbib/natbi
b.sty
Package: natbib 2010/09/13 8.31b (PWD, AO)
\bibhang=\skip50
\bibsep=\skip51
LaTeX Info: Redefining \cite on input line 694.
\c@NAT@ctr=\count91
)
\c@hypothesis=\count92

(c:/Users/Christopher/AppData/Roaming/TinyTeX/texmf-dist/tex/latex/setspace/set
space.sty
Package: setspace 2011/12/19 v6.7a set line spacing
)
(c:/Users/Christopher/AppData/Roaming/TinyTeX/texmf-dist/tex/latex/hyperref/hyp
erref.sty
Package: hyperref 2018/11/30 v6.88e Hypertext links for LaTeX

(c:/Users/Christopher/AppData/Roaming/TinyTeX/texmf-dist/tex/generic/oberdiek/h
obsub-hyperref.sty
Package: hobsub-hyperref 2016/05/16 v1.14 Bundle oberdiek, subset hyperref (HO)


(c:/Users/Christopher/AppData/Roaming/TinyTeX/texmf-dist/tex/generic/oberdiek/h
obsub-generic.sty
Package: hobsub-generic 2016/05/16 v1.14 Bundle oberdiek, subset generic (HO)
Package: hobsub 2016/05/16 v1.14 Construct package bundles (HO)
Package hobsub Info: Skipping package `infwarerr' (already loaded).
Package hobsub Info: Skipping package `ltxcmds' (already loaded).
Package hobsub Info: Skipping package `ifluatex' (already loaded).
Package hobsub Info: Skipping package `ifvtex' (already loaded).
Package: intcalc 2016/05/16 v1.2 Expandable calculations with integers (HO)
Package hobsub Info: Skipping package `ifpdf' (already loaded).
Package hobsub Info: Skipping package `etexcmds' (already loaded).
Package hobsub Info: Skipping package `kvsetkeys' (already loaded).
Package: kvdefinekeys 2016/05/16 v1.4 Define keys (HO)
Package hobsub Info: Skipping package `pdftexcmds' (already loaded).
Package: pdfescape 2016/05/16 v1.14 Implements pdfTeX's escape features (HO)
Package: bigintcalc 2016/05/16 v1.4 Expandable calculations on big integers (HO
)
Package: bitset 2016/05/16 v1.2 Handle bit-vector datatype (HO)
Package: uniquecounter 2016/05/16 v1.3 Provide unlimited unique counter (HO)
)
Package hobsub Info: Skipping package `hobsub' (already loaded).
Package: letltxmacro 2016/05/16 v1.5 Let assignment for LaTeX macros (HO)
Package: hopatch 2016/05/16 v1.3 Wrapper for package hooks (HO)
Package: xcolor-patch 2016/05/16 xcolor patch
Package: atveryend 2016/05/16 v1.9 Hooks at the very end of document (HO)
Package atveryend Info: \enddocument detected (standard20110627).
Package: atbegshi 2016/06/09 v1.18 At begin shipout hook (HO)
Package: refcount 2016/05/16 v3.5 Data extraction from label references (HO)
Package: hycolor 2016/05/16 v1.8 Color options for hyperref/bookmark (HO)
)
(c:/Users/Christopher/AppData/Roaming/TinyTeX/texmf-dist/tex/latex/oberdiek/aux
hook.sty
Package: auxhook 2016/05/16 v1.4 Hooks for auxiliary files (HO)
)
\@linkdim=\dimen118
\Hy@linkcounter=\count93
\Hy@pagecounter=\count94

(c:/Users/Christopher/AppData/Roaming/TinyTeX/texmf-dist/tex/latex/hyperref/pd1
enc.def
File: pd1enc.def 2018/11/30 v6.88e Hyperref: PDFDocEncoding definition (HO)
Now handling font encoding PD1 ...
... no UTF-8 mapping file for font encoding PD1
)
\Hy@SavedSpaceFactor=\count95

(c:/Users/Christopher/AppData/Roaming/TinyTeX/texmf-dist/tex/latex/latexconfig/
hyperref.cfg
File: hyperref.cfg 2002/06/06 v1.2 hyperref configuration of TeXLive
)
Package hyperref Info: Option `unicode' set `true' on input line 4393.

(c:/Users/Christopher/AppData/Roaming/TinyTeX/texmf-dist/tex/latex/hyperref/pue
nc.def
File: puenc.def 2018/11/30 v6.88e Hyperref: PDF Unicode definition (HO)
Now handling font encoding PU ...
... no UTF-8 mapping file for font encoding PU
)
Package hyperref Info: Hyper figures OFF on input line 4519.
Package hyperref Info: Link nesting OFF on input line 4524.
Package hyperref Info: Hyper index ON on input line 4527.
Package hyperref Info: Plain pages OFF on input line 4534.
Package hyperref Info: Backreferencing OFF on input line 4539.
Package hyperref Info: Implicit mode ON; LaTeX internals redefined.
Package hyperref Info: Bookmarks ON on input line 4772.
\c@Hy@tempcnt=\count96
(c:/Users/Christopher/AppData/Roaming/TinyTeX/texmf-dist/tex/latex/url/url.sty
\Urlmuskip=\muskip10
Package: url 2013/09/16  ver 3.4  Verb mode for urls, etc.
)
LaTeX Info: Redefining \url on input line 5125.
\XeTeXLinkMargin=\dimen119
\Fld@menulength=\count97
\Field@Width=\dimen120
\Fld@charsize=\dimen121
Package hyperref Info: Hyper figures OFF on input line 6380.
Package hyperref Info: Link nesting OFF on input line 6385.
Package hyperref Info: Hyper index ON on input line 6388.
Package hyperref Info: backreferencing OFF on input line 6395.
Package hyperref Info: Link coloring OFF on input line 6400.
Package hyperref Info: Link coloring with OCG OFF on input line 6405.
Package hyperref Info: PDF/A mode OFF on input line 6410.
LaTeX Info: Redefining \ref on input line 6450.
LaTeX Info: Redefining \pageref on input line 6454.
\Hy@abspage=\count98
\c@Item=\count99
\c@Hfootnote=\count100
)
Package hyperref Info: Driver (autodetected): hpdftex.

(c:/Users/Christopher/AppData/Roaming/TinyTeX/texmf-dist/tex/latex/hyperref/hpd
ftex.def
File: hpdftex.def 2018/11/30 v6.88e Hyperref driver for pdfTeX
\Fld@listcount=\count101
\c@bookmark@seq@number=\count102

(c:/Users/Christopher/AppData/Roaming/TinyTeX/texmf-dist/tex/latex/oberdiek/rer
unfilecheck.sty
Package: rerunfilecheck 2016/05/16 v1.8 Rerun checks for auxiliary files (HO)
Package uniquecounter Info: New unique counter `rerunfilecheck' on input line 2
82.
)
\Hy@SectionHShift=\skip52
)
(c:/Users/Christopher/AppData/Roaming/TinyTeX/texmf-dist/tex/latex/graphics/col
or.sty
Package: color 2016/07/10 v1.1e Standard LaTeX Color (DPC)

(c:/Users/Christopher/AppData/Roaming/TinyTeX/texmf-dist/tex/latex/graphics-cfg
/color.cfg
File: color.cfg 2016/01/02 v1.6 sample color configuration
)
Package color Info: Driver file: pdftex.def on input line 147.

(c:/Users/Christopher/AppData/Roaming/TinyTeX/texmf-dist/tex/latex/graphics/dvi
psnam.def
File: dvipsnam.def 2016/06/17 v3.0m Driver-dependent file (DPC,SPQR)
))
Package hyperref Info: Option `breaklinks' set `true' on input line 109.
Package hyperref Info: Option `colorlinks' set `true' on input line 109.

(c:/Users/Christopher/AppData/Roaming/TinyTeX/texmf-dist/tex/latex/fancyhdr/fan
cyhdr.sty
Package: fancyhdr 2019/01/31 v3.10 Extensive control of page headers and footer
s
\f@nch@headwidth=\skip53
\f@nch@O@elh=\skip54
\f@nch@O@erh=\skip55
\f@nch@O@olh=\skip56
\f@nch@O@orh=\skip57
\f@nch@O@elf=\skip58
\f@nch@O@erf=\skip59
\f@nch@O@olf=\skip60
\f@nch@O@orf=\skip61
)

Package Fancyhdr Warning: \fancyhead's `E' option without twoside option is use
less on input line 119.


Package Fancyhdr Warning: \fancyfoot's `E' option without twoside option is use
less on input line 120.


Package Fancyhdr Warning: \fancyfoot's `E' option without twoside option is use
less on input line 121.

(./prospectus.aux)
\openout1 = `prospectus.aux'.

LaTeX Font Info:    Checking defaults for OML/cmm/m/it on input line 129.
LaTeX Font Info:    ... okay on input line 129.
LaTeX Font Info:    Checking defaults for T1/cmr/m/n on input line 129.
LaTeX Font Info:    ... okay on input line 129.
LaTeX Font Info:    Checking defaults for OT1/cmr/m/n on input line 129.
LaTeX Font Info:    ... okay on input line 129.
LaTeX Font Info:    Checking defaults for OMS/cmsy/m/n on input line 129.
LaTeX Font Info:    ... okay on input line 129.
LaTeX Font Info:    Checking defaults for OMX/cmex/m/n on input line 129.
LaTeX Font Info:    ... okay on input line 129.
LaTeX Font Info:    Checking defaults for U/cmr/m/n on input line 129.
LaTeX Font Info:    ... okay on input line 129.
LaTeX Font Info:    Checking defaults for PD1/pdf/m/n on input line 129.
LaTeX Font Info:    ... okay on input line 129.
LaTeX Font Info:    Checking defaults for PU/pdf/m/n on input line 129.
LaTeX Font Info:    ... okay on input line 129.
LaTeX Font Info:    Try loading font information for T1+lmr on input line 129.
(c:/Users/Christopher/AppData/Roaming/TinyTeX/texmf-dist/tex/latex/lm/t1lmr.fd
File: t1lmr.fd 2009/10/30 v1.6 Font defs for Latin Modern
)
*geometry* driver: auto-detecting
*geometry* detected driver: pdftex
*geometry* verbose mode - [ preamble ] result:
* driver: pdftex
* paper: <default>
* layout: <same size as paper>
* layoutoffset:(h,v)=(0.0pt,0.0pt)
* modes: 
* h-part:(L,W,R)=(72.26999pt, 469.75502pt, 72.26999pt)
* v-part:(T,H,B)=(72.26999pt, 650.43001pt, 72.26999pt)
* \paperwidth=614.295pt
* \paperheight=794.96999pt
* \textwidth=469.75502pt
* \textheight=650.43001pt
* \oddsidemargin=0.0pt
* \evensidemargin=0.0pt
* \topmargin=-37.0pt
* \headheight=12.0pt
* \headsep=25.0pt
* \topskip=10.0pt
* \footskip=30.0pt
* \marginparwidth=65.0pt
* \marginparsep=11.0pt
* \columnsep=10.0pt
* \skip\footins=9.0pt plus 4.0pt minus 2.0pt
* \hoffset=0.0pt
* \voffset=0.0pt
* \mag=1000
* \@twocolumnfalse
* \@twosidefalse
* \@mparswitchfalse
* \@reversemarginfalse
* (1in=72.27pt=25.4mm, 1cm=28.453pt)


(c:/Users/Christopher/AppData/Roaming/TinyTeX/texmf-dist/tex/latex/oberdiek/eps
topdf-base.sty
Package: epstopdf-base 2016/05/15 v2.6 Base part for package epstopdf

(c:/Users/Christopher/AppData/Roaming/TinyTeX/texmf-dist/tex/latex/oberdiek/grf
ext.sty
Package: grfext 2016/05/16 v1.2 Manage graphics extensions (HO)
)
Package epstopdf-base Info: Redefining graphics rule for `.eps' on input line 4
38.
Package grfext Info: Graphics extension search list:
(grfext)             [.pdf,.png,.jpg,.mps,.jpeg,.jbig2,.jb2,.PDF,.PNG,.JPG,.JPE
G,.JBIG2,.JB2,.eps]
(grfext)             \AppendGraphicsExtensions on input line 456.

(c:/Users/Christopher/AppData/Roaming/TinyTeX/texmf-dist/tex/latex/latexconfig/
epstopdf-sys.cfg
File: epstopdf-sys.cfg 2010/07/13 v1.3 Configuration of (r)epstopdf for TeX Liv
e
))
\AtBeginShipoutBox=\box28
Package hyperref Info: Link coloring ON on input line 129.

(c:/Users/Christopher/AppData/Roaming/TinyTeX/texmf-dist/tex/latex/hyperref/nam
eref.sty
Package: nameref 2016/05/21 v2.44 Cross-referencing by name of section

(c:/Users/Christopher/AppData/Roaming/TinyTeX/texmf-dist/tex/generic/oberdiek/g
ettitlestring.sty
Package: gettitlestring 2016/05/16 v1.5 Cleanup title references (HO)
)
\c@section@level=\count103
)
LaTeX Info: Redefining \ref on input line 129.
LaTeX Info: Redefining \pageref on input line 129.
LaTeX Info: Redefining \nameref on input line 129.
(./prospectus.out) (./prospectus.out)
\@outlinefile=\write3
\openout3 = `prospectus.out'.

LaTeX Font Info:    Try loading font information for T1+phv on input line 145.

(c:/Users/Christopher/AppData/Roaming/TinyTeX/texmf-dist/tex/latex/psnfss/t1phv
.fd
File: t1phv.fd 2001/06/04 scalable font definitions for T1/phv.
)
LaTeX Font Info:    Font shape `T1/phv/bx/n' in size <11> not available
(Font)              Font shape `T1/phv/b/n' tried instead on input line 145.

Underfull \hbox (badness 10000) in paragraph at lines 240--242

 []


Underfull \hbox (badness 10000) in paragraph at lines 242--245

 []


Underfull \hbox (badness 10000) in paragraph at lines 245--247

 []

LaTeX Font Info:    Try loading font information for OT1+lmr on input line 247.


(c:/Users/Christopher/AppData/Roaming/TinyTeX/texmf-dist/tex/latex/lm/ot1lmr.fd
File: ot1lmr.fd 2009/10/30 v1.6 Font defs for Latin Modern
)
LaTeX Font Info:    Try loading font information for OML+lmm on input line 247.


(c:/Users/Christopher/AppData/Roaming/TinyTeX/texmf-dist/tex/latex/lm/omllmm.fd
File: omllmm.fd 2009/10/30 v1.6 Font defs for Latin Modern
)
LaTeX Font Info:    Try loading font information for OMS+lmsy on input line 247
.

(c:/Users/Christopher/AppData/Roaming/TinyTeX/texmf-dist/tex/latex/lm/omslmsy.f
d
File: omslmsy.fd 2009/10/30 v1.6 Font defs for Latin Modern
)
LaTeX Font Info:    Try loading font information for OMX+lmex on input line 247
.

(c:/Users/Christopher/AppData/Roaming/TinyTeX/texmf-dist/tex/latex/lm/omxlmex.f
d
File: omxlmex.fd 2009/10/30 v1.6 Font defs for Latin Modern
)
LaTeX Font Info:    External font `lmex10' loaded for size
(Font)              <10> on input line 247.
LaTeX Font Info:    External font `lmex10' loaded for size
(Font)              <7> on input line 247.
LaTeX Font Info:    External font `lmex10' loaded for size
(Font)              <5> on input line 247.

Underfull \hbox (badness 10000) in paragraph at lines 247--250

 []

[1{c:/Users/Christopher/AppData/Roaming/TinyTeX/texmf-var/fonts/map/pdftex/updm
ap/pdftex.map}

] [2]
Underfull \hbox (badness 10000) in paragraph at lines 402--405

 []


Underfull \hbox (badness 10000) in paragraph at lines 405--409

 []


Underfull \hbox (badness 10000) in paragraph at lines 409--412

 []


Underfull \hbox (badness 10000) in paragraph at lines 412--414

 []


Underfull \hbox (badness 10000) in paragraph at lines 414--417

 []

[3] [4] [5]
<prospectus_files/figure-latex/Test statistic asymptotics figures-1.pdf, id=253
, 469.755pt x 325.215pt>
File: prospectus_files/figure-latex/Test statistic asymptotics figures-1.pdf Gr
aphic file (type pdf)
<use prospectus_files/figure-latex/Test statistic asymptotics figures-1.pdf>
Package pdftex.def Info: prospectus_files/figure-latex/Test statistic asymptoti
cs figures-1.pdf  used on input line 663.
(pdftex.def)             Requested size: 469.75386pt x 325.2142pt.
<prospectus_files/figure-latex/Test statistic asymptotics figures-2.pdf, id=254
, 469.755pt x 325.215pt>
File: prospectus_files/figure-latex/Test statistic asymptotics figures-2.pdf Gr
aphic file (type pdf)
<use prospectus_files/figure-latex/Test statistic asymptotics figures-2.pdf>
Package pdftex.def Info: prospectus_files/figure-latex/Test statistic asymptoti
cs figures-2.pdf  used on input line 664.
(pdftex.def)             Requested size: 469.75386pt x 325.2142pt.

Overfull \hbox (14.99884pt too wide) in paragraph at lines 663--665
[][]
 []

[6] [7 <./prospectus_files/figure-latex/Test statistic asymptotics figures-1.pd
f>]
<prospectus_files/figure-latex/Test statistic asymptotics figure standard error
-1.pdf, id=277, 469.755pt x 325.215pt>
File: prospectus_files/figure-latex/Test statistic asymptotics figure standard 
error-1.pdf Graphic file (type pdf)
<use prospectus_files/figure-latex/Test statistic asymptotics figure standard e
rror-1.pdf>
Package pdftex.def Info: prospectus_files/figure-latex/Test statistic asymptoti
cs figure standard error-1.pdf  used on input line 666.
(pdftex.def)             Requested size: 469.75386pt x 325.2142pt.

Overfull \hbox (14.99884pt too wide) in paragraph at lines 666--667
[][] 
 []

[8 <./prospectus_files/figure-latex/Test statistic asymptotics figures-2.pdf>] 
[9 <./prospectus_files/figure-latex/Test statistic asymptotics figure standard 
error-1.pdf>] [10] [11]
Underfull \hbox (badness 10000) in paragraph at lines 951--953

 []

[12] [13] [14] [15] [16]
<prospectus_files/figure-latex/Type I error in relatively large samples figures
-1.pdf, id=475, 469.755pt x 325.215pt>
File: prospectus_files/figure-latex/Type I error in relatively large samples fi
gures-1.pdf Graphic file (type pdf)
<use prospectus_files/figure-latex/Type I error in relatively large samples fig
ures-1.pdf>
Package pdftex.def Info: prospectus_files/figure-latex/Type I error in relative
ly large samples figures-1.pdf  used on input line 1378.
(pdftex.def)             Requested size: 469.75386pt x 325.2142pt.

Overfull \hbox (14.99884pt too wide) in paragraph at lines 1378--1379
[][] 
 []

[17]
<prospectus_files/figure-latex/Type I error in relatively large samples coeffic
ient figures-1.pdf, id=481, 469.755pt x 325.215pt>
File: prospectus_files/figure-latex/Type I error in relatively large samples co
efficient figures-1.pdf Graphic file (type pdf)
<use prospectus_files/figure-latex/Type I error in relatively large samples coe
fficient figures-1.pdf>
Package pdftex.def Info: prospectus_files/figure-latex/Type I error in relative
ly large samples coefficient figures-1.pdf  used on input line 1380.
(pdftex.def)             Requested size: 469.75386pt x 325.2142pt.

Overfull \hbox (14.99884pt too wide) in paragraph at lines 1380--1381
[][] 
 []

[18 <./prospectus_files/figure-latex/Type I error in relatively large samples f
igures-1.pdf>] [19 <./prospectus_files/figure-latex/Type I error in relatively 
large samples coefficient figures-1.pdf>] [20] [21] (./prospectus.bbl
Underfull \hbox (badness 1163) in paragraph at lines 146--154
\T1/lmr/m/it/10 i-cal Sci-ence Re-view\T1/lmr/m/n/10 , 97(1):75--90, Febru-ary 
2003.  ISSN 1537-5943, 0003-0554.  doi: $10 . 1017 /
 []

[22] [23]
Underfull \hbox (badness 1275) in paragraph at lines 310--318
[]\T1/lmr/m/n/10 David Much-lin-ski, David Siroky, Jin-grui He, and Matthew Koc
her.  Com-par-ing Ran-dom For-est
 []


Underfull \hbox (badness 10000) in paragraph at lines 310--318
\T1/lmr/m/n/10 / / www . cambridge . org / core / journals / political -[] anal
ysis / article / comparing -[] random -[] forest -[] with -[] logistic -[]
 []


Underfull \hbox (badness 10000) in paragraph at lines 320--329
\T1/lmr/m/n/10 political -[] science -[] review / article / reading -[] between
 -[] the -[] lines -[] prediction -[] of -[] political -[] violence -[] using -
[]
 []


Underfull \hbox (badness 10000) in paragraph at lines 356--365
\T1/lmr/m/n/10 URL [][]$http : / / www . cambridge . org / core / journals / po
litical -[] science -[] research -[] and -[] methods / article / regions -[]
 []

[24])
Package atveryend Info: Empty hook `BeforeClearDocument' on input line 1550.
[25]
Package atveryend Info: Empty hook `AfterLastShipout' on input line 1550.
(./prospectus.aux)
Package atveryend Info: Executing hook `AtVeryEndDocument' on input line 1550.
Package atveryend Info: Executing hook `AtEndAfterFileList' on input line 1550.

Package rerunfilecheck Info: File `prospectus.out' has not changed.
(rerunfilecheck)             Checksum: 059A3D7083B391A2D27D5FAFE20EA0DD;5174.
Package atveryend Info: Empty hook `AtVeryVeryEnd' on input line 1550.
 ) 
Here is how much of TeX's memory you used:
 10071 strings out of 494562
 148423 string characters out of 6175663
 230578 words of memory out of 5000000
 13491 multiletter control sequences out of 15000+600000
 44857 words of font info for 34 fonts, out of 8000000 for 9000
 14 hyphenation exceptions out of 8191
 36i,12n,43p,499b,519s stack positions out of 5000i,500n,10000p,200000b,80000s
{c:/Users/Christopher/AppData/Roaming/TinyTeX/texmf-dist/fonts/enc/dvips/lm/l
m-mathex.enc}{c:/Users/Christopher/AppData/Roaming/TinyTeX/texmf-dist/fonts/enc
/dvips/lm/lm-mathsy.enc}{c:/Users/Christopher/AppData/Roaming/TinyTeX/texmf-dis
t/fonts/enc/dvips/lm/lm-mathit.enc}{c:/Users/Christopher/AppData/Roaming/TinyTe
X/texmf-dist/fonts/enc/dvips/lm/lm-rm.enc}{c:/Users/Christopher/AppData/Roaming
/TinyTeX/texmf-dist/fonts/enc/dvips/lm/lm-ec.enc}<c:/Users/Christopher/AppData/
Roaming/TinyTeX/texmf-dist/fonts/type1/public/lm/lmbx10.pfb><c:/Users/Christoph
er/AppData/Roaming/TinyTeX/texmf-dist/fonts/type1/public/lm/lmex10.pfb><c:/User
s/Christopher/AppData/Roaming/TinyTeX/texmf-dist/fonts/type1/public/lm/lmmi10.p
fb><c:/Users/Christopher/AppData/Roaming/TinyTeX/texmf-dist/fonts/type1/public/
lm/lmmi5.pfb><c:/Users/Christopher/AppData/Roaming/TinyTeX/texmf-dist/fonts/typ
e1/public/lm/lmmi7.pfb><c:/Users/Christopher/AppData/Roaming/TinyTeX/texmf-dist
/fonts/type1/public/lm/lmr10.pfb><c:/Users/Christopher/AppData/Roaming/TinyTeX/
texmf-dist/fonts/type1/public/lm/lmr17.pfb><c:/Users/Christopher/AppData/Roamin
g/TinyTeX/texmf-dist/fonts/type1/public/lm/lmr5.pfb><c:/Users/Christopher/AppDa
ta/Roaming/TinyTeX/texmf-dist/fonts/type1/public/lm/lmr7.pfb><c:/Users/Christop
her/AppData/Roaming/TinyTeX/texmf-dist/fonts/type1/public/lm/lmri10.pfb><c:/Use
rs/Christopher/AppData/Roaming/TinyTeX/texmf-dist/fonts/type1/public/lm/lmro10.
pfb><c:/Users/Christopher/AppData/Roaming/TinyTeX/texmf-dist/fonts/type1/public
/lm/lmsy10.pfb><c:/Users/Christopher/AppData/Roaming/TinyTeX/texmf-dist/fonts/t
ype1/public/lm/lmsy5.pfb><c:/Users/Christopher/AppData/Roaming/TinyTeX/texmf-di
st/fonts/type1/public/lm/lmsy7.pfb>
Output written on prospectus.pdf (25 pages, 4387452 bytes).
PDF statistics:
 685 PDF objects out of 1000 (max. 8388607)
 627 compressed objects within 7 object streams
 133 named destinations out of 1000 (max. 500000)
 202 words of extra memory for PDF output out of 10000 (max. 10000000)

